<?xml version="1.0" encoding="UTF-8"?>
<!-- Generated by org.testng.reporters.JUnitReportReporter -->
<testsuite hostname="LAPTOP-C68T54FH" failures="0" tests="2" name="com.hyr.Test.FirstTest" time="21.689" errors="0" timestamp="2023-05-18T10:38:58 IST" skipped="0">
  <testcase classname="com.hyr.Test.FirstTest" name="createaccount" time="12.026"/>
  <system-out/>
  <testcase classname="com.hyr.Test.FirstTest" name="launchapplication" time="9.663"/>
  <system-out/>
</testsuite> <!-- com.hyr.Test.FirstTest -->
